# JRE version: Java(TM) SE Runtime Environment (8.0_91-b15) (build 1.8.0_91-b15)
# Java VM: Java HotSpot(TM) 64-Bit Server VM (25.91-b15 mixed mode windows-amd64 compressed oops)
Heap:
 PSYoungGen      total 180224K, used 34306K [0x00000000d5f00000, 0x00000000e2e80000, 0x0000000100000000)
  eden space 168448K, 13% used [0x00000000d5f00000,0x00000000d75047c8,0x00000000e0380000)
  from space 11776K, 99% used [0x00000000e1280000,0x00000000e1dfc0d0,0x00000000e1e00000)
  to   space 15360K, 0% used [0x00000000e0380000,0x00000000e0380000,0x00000000e1280000)
 ParOldGen       total 94208K, used 22444K [0x0000000081c00000, 0x0000000087800000, 0x00000000d5f00000)
  object space 94208K, 23% used [0x0000000081c00000,0x00000000831eb0b0,0x0000000087800000)
 Metaspace       used 50058K, capacity 52823K, committed 53040K, reserved 1095680K
  class space    used 6735K, capacity 7208K, committed 7216K, reserved 1048576K
GC Heap History (10 events):
Event: 1.573 GC heap before
{Heap before GC invocations=6 (full 1):
 PSYoungGen      total 71680K, used 5102K [0x00000000d5f00000, 0x00000000df200000, 0x0000000100000000)
  eden space 66560K, 0% used [0x00000000d5f00000,0x00000000d5f00000,0x00000000da000000)
  from space 5120K, 99% used [0x00000000da000000,0x00000000da4fb838,0x00000000da500000)
  to   space 8704K, 0% used [0x00000000de980000,0x00000000de980000,0x00000000df200000)
 ParOldGen       total 87552K, used 7742K [0x0000000081c00000, 0x0000000087180000, 0x00000000d5f00000)
  object space 87552K, 8% used [0x0000000081c00000,0x000000008238faa0,0x0000000087180000)
 Metaspace       used 20419K, capacity 21258K, committed 21296K, reserved 1067008K
  class space    used 2653K, capacity 2863K, committed 2864K, reserved 1048576K
Event: 1.598 GC heap after
Heap after GC invocations=6 (full 1):
 PSYoungGen      total 71680K, used 0K [0x00000000d5f00000, 0x00000000df200000, 0x0000000100000000)
  eden space 66560K, 0% used [0x00000000d5f00000,0x00000000d5f00000,0x00000000da000000)
  from space 5120K, 0% used [0x00000000da000000,0x00000000da000000,0x00000000da500000)
  to   space 8704K, 0% used [0x00000000de980000,0x00000000de980000,0x00000000df200000)
 ParOldGen       total 56320K, used 7328K [0x0000000081c00000, 0x0000000085300000, 0x00000000d5f00000)
  object space 56320K, 13% used [0x0000000081c00000,0x0000000082328060,0x0000000085300000)
 Metaspace       used 20419K, capacity 21258K, committed 21296K, reserved 1067008K
  class space    used 2653K, capacity 2863K, committed 2864K, reserved 1048576K
}
Event: 2.117 GC heap before
{Heap before GC invocations=7 (full 1):
 PSYoungGen      total 71680K, used 66557K [0x00000000d5f00000, 0x00000000df200000, 0x0000000100000000)
  eden space 66560K, 99% used [0x00000000d5f00000,0x00000000d9fff798,0x00000000da000000)
  from space 5120K, 0% used [0x00000000da000000,0x00000000da000000,0x00000000da500000)
  to   space 8704K, 0% used [0x00000000de980000,0x00000000de980000,0x00000000df200000)
 ParOldGen       total 56320K, used 7328K [0x0000000081c00000, 0x0000000085300000, 0x00000000d5f00000)
  object space 56320K, 13% used [0x0000000081c00000,0x0000000082328060,0x0000000085300000)
 Metaspace       used 25291K, capacity 26878K, committed 27056K, reserved 1073152K
  class space    used 3358K, capacity 3657K, committed 3760K, reserved 1048576K
Event: 2.123 GC heap after
Heap after GC invocations=7 (full 1):
 PSYoungGen      total 115200K, used 7450K [0x00000000d5f00000, 0x00000000df100000, 0x0000000100000000)
  eden space 107520K, 0% used [0x00000000d5f00000,0x00000000d5f00000,0x00000000dc800000)
  from space 7680K, 97% used [0x00000000de980000,0x00000000df0c6868,0x00000000df100000)
  to   space 9216K, 0% used [0x00000000ddf00000,0x00000000ddf00000,0x00000000de800000)
 ParOldGen       total 56320K, used 7336K [0x0000000081c00000, 0x0000000085300000, 0x00000000d5f00000)
  object space 56320K, 13% used [0x0000000081c00000,0x000000008232a060,0x0000000085300000)
 Metaspace       used 25291K, capacity 26878K, committed 27056K, reserved 1073152K
  class space    used 3358K, capacity 3657K, committed 3760K, reserved 1048576K
}
Event: 2.670 GC heap before
{Heap before GC invocations=8 (full 1):
 PSYoungGen      total 115200K, used 100083K [0x00000000d5f00000, 0x00000000df100000, 0x0000000100000000)
  eden space 107520K, 86% used [0x00000000d5f00000,0x00000000db976730,0x00000000dc800000)
  from space 7680K, 97% used [0x00000000de980000,0x00000000df0c6868,0x00000000df100000)
  to   space 9216K, 0% used [0x00000000ddf00000,0x00000000ddf00000,0x00000000de800000)
 ParOldGen       total 56320K, used 7336K [0x0000000081c00000, 0x0000000085300000, 0x00000000d5f00000)
  object space 56320K, 13% used [0x0000000081c00000,0x000000008232a060,0x0000000085300000)
 Metaspace       used 33603K, capacity 35449K, committed 35496K, reserved 1079296K
  class space    used 4372K, capacity 4737K, committed 4784K, reserved 1048576K
Event: 2.680 GC heap after
Heap after GC invocations=8 (full 1):
 PSYoungGen      total 140288K, used 9208K [0x00000000d5f00000, 0x00000000e1e00000, 0x0000000100000000)
  eden space 131072K, 0% used [0x00000000d5f00000,0x00000000d5f00000,0x00000000ddf00000)
  from space 9216K, 99% used [0x00000000ddf00000,0x00000000de7fe0c0,0x00000000de800000)
  to   space 11776K, 0% used [0x00000000e1280000,0x00000000e1280000,0x00000000e1e00000)
 ParOldGen       total 56320K, used 10874K [0x0000000081c00000, 0x0000000085300000, 0x00000000d5f00000)
  object space 56320K, 19% used [0x0000000081c00000,0x000000008269ea90,0x0000000085300000)
 Metaspace       used 33603K, capacity 35449K, committed 35496K, reserved 1079296K
  class space    used 4372K, capacity 4737K, committed 4784K, reserved 1048576K
}
Event: 2.680 GC heap before
{Heap before GC invocations=9 (full 2):
 PSYoungGen      total 140288K, used 9208K [0x00000000d5f00000, 0x00000000e1e00000, 0x0000000100000000)
  eden space 131072K, 0% used [0x00000000d5f00000,0x00000000d5f00000,0x00000000ddf00000)
  from space 9216K, 99% used [0x00000000ddf00000,0x00000000de7fe0c0,0x00000000de800000)
  to   space 11776K, 0% used [0x00000000e1280000,0x00000000e1280000,0x00000000e1e00000)
 ParOldGen       total 56320K, used 10874K [0x0000000081c00000, 0x0000000085300000, 0x00000000d5f00000)
  object space 56320K, 19% used [0x0000000081c00000,0x000000008269ea90,0x0000000085300000)
 Metaspace       used 33603K, capacity 35449K, committed 35496K, reserved 1079296K
  class space    used 4372K, capacity 4737K, committed 4784K, reserved 1048576K
Event: 2.737 GC heap after
Heap after GC invocations=9 (full 2):
 PSYoungGen      total 140288K, used 0K [0x00000000d5f00000, 0x00000000e1e00000, 0x0000000100000000)
  eden space 131072K, 0% used [0x00000000d5f00000,0x00000000d5f00000,0x00000000ddf00000)
  from space 9216K, 0% used [0x00000000ddf00000,0x00000000ddf00000,0x00000000de800000)
  to   space 11776K, 0% used [0x00000000e1280000,0x00000000e1280000,0x00000000e1e00000)
 ParOldGen       total 94208K, used 17876K [0x0000000081c00000, 0x0000000087800000, 0x00000000d5f00000)
  object space 94208K, 18% used [0x0000000081c00000,0x0000000082d75010,0x0000000087800000)
 Metaspace       used 33603K, capacity 35449K, committed 35496K, reserved 1079296K
  class space    used 4372K, capacity 4737K, committed 4784K, reserved 1048576K
}
Event: 3.721 GC heap before
{Heap before GC invocations=10 (full 2):
 PSYoungGen      total 140288K, used 131072K [0x00000000d5f00000, 0x00000000e1e00000, 0x0000000100000000)
  eden space 131072K, 100% used [0x00000000d5f00000,0x00000000ddf00000,0x00000000ddf00000)
  from space 9216K, 0% used [0x00000000ddf00000,0x00000000ddf00000,0x00000000de800000)
  to   space 11776K, 0% used [0x00000000e1280000,0x00000000e1280000,0x00000000e1e00000)
 ParOldGen       total 94208K, used 17876K [0x0000000081c00000, 0x0000000087800000, 0x00000000d5f00000)
  object space 94208K, 18% used [0x0000000081c00000,0x0000000082d75010,0x0000000087800000)
 Metaspace       used 47620K, capacity 50277K, committed 50480K, reserved 1093632K
  class space    used 6448K, capacity 6933K, committed 6960K, reserved 1048576K
Event: 3.735 GC heap after
Heap after GC invocations=10 (full 2):
 PSYoungGen      total 180224K, used 11760K [0x00000000d5f00000, 0x00000000e2e80000, 0x0000000100000000)
  eden space 168448K, 0% used [0x00000000d5f00000,0x00000000d5f00000,0x00000000e0380000)
  from space 11776K, 99% used [0x00000000e1280000,0x00000000e1dfc0d0,0x00000000e1e00000)
  to   space 15360K, 0% used [0x00000000e0380000,0x00000000e0380000,0x00000000e1280000)
 ParOldGen       total 94208K, used 22444K [0x0000000081c00000, 0x0000000087800000, 0x00000000d5f00000)
  object space 94208K, 23% used [0x0000000081c00000,0x00000000831eb0b0,0x0000000087800000)
 Metaspace       used 47620K, capacity 50277K, committed 50480K, reserved 1093632K
  class space    used 6448K, capacity 6933K, committed 6960K, reserved 1048576K
}

